{"level":"info","message":"Job s3-upload-job-f2154235-e961-4b93-af89-31bb753e6784 created successfully","timestamp":"2025-01-06T17:59:55.125Z"}
{"level":"info","message":"Waiting for pod s3-upload-job-f2154235-e961-4b93-af89-31bb753e6784-j258t to be ready...","timestamp":"2025-01-06T17:59:56.613Z"}
{"level":"info","message":"Logs from pod s3-upload-job-f2154235-e961-4b93-af89-31bb753e6784-j258t:\n🔑 Access token detected. Using secure access for cloning.\n🚀 Initiating repository clone: Branch 'master', URL: https://github.com/Slacky300/REAL_TIME_EDIFY.git\nCloning into '/home/app/repo'...\n📂 Preparing source directory: src/client\n🛠️ Compiling TypeScript files...\n⚙️ Running the main script (script.js)...\n🚀 Starting deployment process...\n🔄 Running build process. Please wait...\n","timestamp":"2025-01-06T18:00:03.018Z"}
{"level":"info","message":"🔑 Access token detected. Using secure access for cloning.\n🚀 Initiating repository clone: Branch 'master', URL: https://github.com/Slacky300/REAL_TIME_EDIFY.git\nCloning into '/home/app/repo'...\n📂 Preparing source directory: src/client\n🛠️ Compiling TypeScript files...\n⚙️ Running the main script (script.js)...\n🚀 Starting deployment process...\n🔄 Running build process. Please wait...\n","timestamp":"2025-01-06T18:00:03.715Z"}
{"level":"info","message":"ℹ️ Build log: \nadded 294 packages, and audited 295 packages in 6s\n\n","timestamp":"2025-01-06T18:00:06.041Z"}
{"level":"info","message":"ℹ️ Build log: \n\n","timestamp":"2025-01-06T18:00:06.042Z"}
{"level":"info","message":"ℹ️ Build log: 100 packages are looking for funding\n\n","timestamp":"2025-01-06T18:00:06.044Z"}
{"level":"info","message":"ℹ️ Build log:   run `npm fund` for details\n\n","timestamp":"2025-01-06T18:00:06.045Z"}
{"level":"info","message":"ℹ️ Build log: \n5 vulnerabilities (3 moderate, 2 high)\n\nTo address issues that do not require attention, run:\n  npm audit fix\n\nTo address all issues (including breaking changes), run:\n  npm audit fix --force\n\nRun `npm audit` for details.\n\n","timestamp":"2025-01-06T18:00:06.067Z"}
{"level":"info","message":"ℹ️ Build log: \n> client@0.0.0 build\n> vite build\n\n\n","timestamp":"2025-01-06T18:00:06.228Z"}
{"level":"info","message":"ℹ️ Build log: vite v5.4.2 building for production...\n\n","timestamp":"2025-01-06T18:00:06.456Z"}
{"level":"info","message":"ℹ️ Build log: transforming...\n\n","timestamp":"2025-01-06T18:00:06.514Z"}
{"level":"info","message":"ℹ️ Build log: ✓ 89 modules transformed.\n\n","timestamp":"2025-01-06T18:00:12.067Z"}
{"level":"info","message":"ℹ️ Build log: rendering chunks...\n\n","timestamp":"2025-01-06T18:00:12.490Z"}
{"level":"info","message":"ℹ️ Build log: computing gzip size...\n","timestamp":"2025-01-06T18:00:12.497Z"}
{"level":"info","message":"\n","timestamp":"2025-01-06T18:00:12.499Z"}
{"level":"info","message":"ℹ️ Build log: dist/index.html                   1.04 kB │ gzip:   0.59 kB\n\n","timestamp":"2025-01-06T18:00:12.522Z"}
{"level":"info","message":"ℹ️ Build log: dist/assets/index-oQFR9OfM.css   37.13 kB │ gzip:   6.27 kB\ndist/assets/index-DToKGUoh.js   539.48 kB │ gzip: 160.17 kB\n\n","timestamp":"2025-01-06T18:00:12.524Z"}
{"level":"info","message":"⚠️ Build error: \n(!) Some chunks are larger than 500 kB after minification. Consider:\n- Using dynamic import() to code-split the application\n- Use build.rollupOptions.output.manualChunks to improve chunking: https://rollupjs.org/configuration-options/#output-manualchunks\n- Adjust chunk size limit for this warning via build.chunkSizeWarningLimit.\n\n","timestamp":"2025-01-06T18:00:12.526Z"}
{"level":"info","message":"ℹ️ Build log: ✓ built in 6.04s\n\n","timestamp":"2025-01-06T18:00:12.527Z"}
{"level":"info","message":"✅ Build process completed successfully.\n","timestamp":"2025-01-06T18:00:12.820Z"}
{"level":"info","message":"📂 Found build folder: /home/app/output/dist\n🔄 Uploading files to the cloud. This may take a moment...\n","timestamp":"2025-01-06T18:00:12.822Z"}
{"level":"info","message":"📂 Processing directory: assets\n","timestamp":"2025-01-06T18:00:12.823Z"}
{"level":"info","message":"📄 Uploading file: index-DToKGUoh.js\n","timestamp":"2025-01-06T18:00:12.824Z"}
{"level":"info","message":"✅ Successfully uploaded: index-DToKGUoh.js\n","timestamp":"2025-01-06T18:00:14.607Z"}
{"level":"info","message":"📄 Uploading file: index-oQFR9OfM.css\n","timestamp":"2025-01-06T18:00:14.608Z"}
{"level":"info","message":"✅ Successfully uploaded: index-oQFR9OfM.css\n","timestamp":"2025-01-06T18:00:15.074Z"}
{"level":"info","message":"📄 Uploading file: index.html\n","timestamp":"2025-01-06T18:00:15.080Z"}
{"level":"info","message":"✅ Successfully uploaded: index.html\n📄 Uploading file: vite.svg\n","timestamp":"2025-01-06T18:00:15.504Z"}
{"level":"info","message":"✅ Successfully uploaded: vite.svg\n","timestamp":"2025-01-06T18:00:15.941Z"}
{"level":"info","message":"✅ All files successfully uploaded to the cloud.\n","timestamp":"2025-01-06T18:00:15.953Z"}
{"level":"info","message":"🎉 Deployment process completed!\n","timestamp":"2025-01-06T18:00:15.954Z"}
{"level":"info","message":"Finished streaming logs for s3-upload-container-f2154235-e961-4b93-af89-31bb753e6784","timestamp":"2025-01-06T18:00:17.606Z"}
{"cause":{"code":"ENOTFOUND","errno":-3008,"hostname":"cargodeploy.me","syscall":"getaddrinfo"},"level":"error","message":"Error updating deployment status: fetch failed","stack":"TypeError: fetch failed\n    at node:internal/deps/undici/undici:12345:11\n    at process.processTicksAndRejections (node:internal/process/task_queues:95:5)\n    at async updateDeploymentStatus (file:///R:/major-project/k8-comm/dist/utils/k8job.js:272:28)\n    at async Request.<anonymous> (file:///R:/major-project/k8-comm/dist/utils/k8job.js:198:17)","timestamp":"2025-01-06T18:00:17.741Z"}
{"level":"info","message":"Job s3-upload-job-b599b8ec-6bee-4be5-981a-30366e47d89e created successfully","timestamp":"2025-01-06T18:02:36.487Z"}
{"level":"info","message":"Waiting for pod s3-upload-job-b599b8ec-6bee-4be5-981a-30366e47d89e-zwv2g to be ready...","timestamp":"2025-01-06T18:02:37.822Z"}
{"level":"error","message":"Pod s3-upload-job-b599b8ec-6bee-4be5-981a-30366e47d89e-zwv2g failed.","timestamp":"2025-01-06T18:02:43.547Z"}
{"level":"error","message":"Error fetching pod logs: Pod s3-upload-job-b599b8ec-6bee-4be5-981a-30366e47d89e-zwv2g failed.","stack":"Error: Pod s3-upload-job-b599b8ec-6bee-4be5-981a-30366e47d89e-zwv2g failed.\n    at waitForPodReady (file:///R:/major-project/k8-comm/dist/utils/k8job.js:244:19)\n    at process.processTicksAndRejections (node:internal/process/task_queues:95:5)\n    at async getPodLogs (file:///R:/major-project/k8-comm/dist/utils/k8job.js:259:9)\n    at async createJob (file:///R:/major-project/k8-comm/dist/utils/k8job.js:340:9)\n    at async file:///R:/major-project/k8-comm/dist/controllers/job.controller.js:7:19","timestamp":"2025-01-06T18:02:43.769Z"}
{"level":"error","message":"Error creating Job: Pod s3-upload-job-b599b8ec-6bee-4be5-981a-30366e47d89e-zwv2g failed.","stack":"Error: Pod s3-upload-job-b599b8ec-6bee-4be5-981a-30366e47d89e-zwv2g failed.\n    at waitForPodReady (file:///R:/major-project/k8-comm/dist/utils/k8job.js:244:19)\n    at process.processTicksAndRejections (node:internal/process/task_queues:95:5)\n    at async getPodLogs (file:///R:/major-project/k8-comm/dist/utils/k8job.js:259:9)\n    at async createJob (file:///R:/major-project/k8-comm/dist/utils/k8job.js:340:9)\n    at async file:///R:/major-project/k8-comm/dist/controllers/job.controller.js:7:19","timestamp":"2025-01-06T18:02:43.927Z"}
{"level":"info","message":"Job s3-upload-job-50a02bd0-7240-4652-b34e-8081ec05b025 created successfully","timestamp":"2025-01-06T18:07:36.876Z"}
{"level":"info","message":"Logs from pod s3-upload-job-50a02bd0-7240-4652-b34e-8081ec05b025-mz6v8:\n🔓 No access token provided. Proceeding with public repository access.\n🚀 Initiating repository clone: Branch 'main', URL: https://github.com/imashish22/Predictive-sales-analysis.git\nCloning into '/home/app/repo'...\n❌ Source directory 'src/client' not found in the repository. Please ensure it exists.\n","timestamp":"2025-01-06T18:07:38.816Z"}
{"level":"info","message":"🔓 No access token provided. Proceeding with public repository access.\n🚀 Initiating repository clone: Branch 'main', URL: https://github.com/imashish22/Predictive-sales-analysis.git\n","timestamp":"2025-01-06T18:07:39.458Z"}
{"level":"info","message":"Cloning into '/home/app/repo'...\n","timestamp":"2025-01-06T18:07:39.460Z"}
{"level":"info","message":"❌ Source directory 'src/client' not found in the repository. Please ensure it exists.\n","timestamp":"2025-01-06T18:07:39.461Z"}
{"level":"error","message":"Pod s3-upload-job-50a02bd0-7240-4652-b34e-8081ec05b025-mz6v8 failed.","timestamp":"2025-01-06T18:07:40.129Z"}
{"level":"info","message":"Job s3-upload-job-1fe38641-8ccf-4e3f-8a1d-8b000e27f3b5 created successfully","timestamp":"2025-01-06T18:10:13.997Z"}
{"level":"info","message":"Waiting for pod s3-upload-job-1fe38641-8ccf-4e3f-8a1d-8b000e27f3b5-8kgb7 to be ready...","timestamp":"2025-01-06T18:10:15.283Z"}
{"level":"error","message":"Pod s3-upload-job-1fe38641-8ccf-4e3f-8a1d-8b000e27f3b5-8kgb7 failed.","timestamp":"2025-01-06T18:10:20.936Z"}
{"level":"error","message":"Error fetching pod logs: Pod s3-upload-job-1fe38641-8ccf-4e3f-8a1d-8b000e27f3b5-8kgb7 failed.","stack":"Error: Pod s3-upload-job-1fe38641-8ccf-4e3f-8a1d-8b000e27f3b5-8kgb7 failed.\n    at waitForPodReady (file:///R:/major-project/k8-comm/dist/utils/k8job.js:251:19)\n    at process.processTicksAndRejections (node:internal/process/task_queues:95:5)\n    at async getPodLogs (file:///R:/major-project/k8-comm/dist/utils/k8job.js:266:9)\n    at async createJob (file:///R:/major-project/k8-comm/dist/utils/k8job.js:355:9)\n    at async file:///R:/major-project/k8-comm/dist/controllers/job.controller.js:7:19","timestamp":"2025-01-06T18:10:21.161Z"}
{"level":"error","message":"Error creating Job: Pod s3-upload-job-1fe38641-8ccf-4e3f-8a1d-8b000e27f3b5-8kgb7 failed.","stack":"Error: Pod s3-upload-job-1fe38641-8ccf-4e3f-8a1d-8b000e27f3b5-8kgb7 failed.\n    at waitForPodReady (file:///R:/major-project/k8-comm/dist/utils/k8job.js:251:19)\n    at process.processTicksAndRejections (node:internal/process/task_queues:95:5)\n    at async getPodLogs (file:///R:/major-project/k8-comm/dist/utils/k8job.js:266:9)\n    at async createJob (file:///R:/major-project/k8-comm/dist/utils/k8job.js:355:9)\n    at async file:///R:/major-project/k8-comm/dist/controllers/job.controller.js:7:19","timestamp":"2025-01-06T18:10:21.335Z"}
{"level":"info","message":"Job s3-upload-job-98a8cd62-90a5-400c-b0a0-c80f36baa4a0 created successfully","timestamp":"2025-01-06T18:15:25.443Z"}
{"level":"info","message":"Waiting for pod s3-upload-job-98a8cd62-90a5-400c-b0a0-c80f36baa4a0-qb8dk to be ready...","timestamp":"2025-01-06T18:15:26.769Z"}
{"level":"error","message":"Pod s3-upload-job-98a8cd62-90a5-400c-b0a0-c80f36baa4a0-qb8dk failed.","timestamp":"2025-01-06T18:15:32.394Z"}
{"level":"error","message":"Error fetching pod logs: Pod s3-upload-job-98a8cd62-90a5-400c-b0a0-c80f36baa4a0-qb8dk failed.","stack":"Error: Pod s3-upload-job-98a8cd62-90a5-400c-b0a0-c80f36baa4a0-qb8dk failed.\n    at waitForPodReady (file:///R:/major-project/k8-comm/dist/utils/k8job.js:250:19)\n    at process.processTicksAndRejections (node:internal/process/task_queues:95:5)\n    at async getPodLogs (file:///R:/major-project/k8-comm/dist/utils/k8job.js:265:9)\n    at async createJob (file:///R:/major-project/k8-comm/dist/utils/k8job.js:353:9)\n    at async file:///R:/major-project/k8-comm/dist/controllers/job.controller.js:7:19","timestamp":"2025-01-06T18:15:32.638Z"}
{"level":"error","message":"Error creating Job: Pod s3-upload-job-98a8cd62-90a5-400c-b0a0-c80f36baa4a0-qb8dk failed.","stack":"Error: Pod s3-upload-job-98a8cd62-90a5-400c-b0a0-c80f36baa4a0-qb8dk failed.\n    at waitForPodReady (file:///R:/major-project/k8-comm/dist/utils/k8job.js:250:19)\n    at process.processTicksAndRejections (node:internal/process/task_queues:95:5)\n    at async getPodLogs (file:///R:/major-project/k8-comm/dist/utils/k8job.js:265:9)\n    at async createJob (file:///R:/major-project/k8-comm/dist/utils/k8job.js:353:9)\n    at async file:///R:/major-project/k8-comm/dist/controllers/job.controller.js:7:19","timestamp":"2025-01-06T18:15:32.788Z"}
{"level":"info","message":"Job s3-upload-job-15f4c183-3ca8-4111-a082-dcc647bfbae8 created successfully","timestamp":"2025-01-06T18:24:47.557Z"}
{"level":"info","message":"Logs from pod s3-upload-job-15f4c183-3ca8-4111-a082-dcc647bfbae8-7hlvg:\n🔑 Access token detected. Using secure access for cloning.\n🚀 Initiating repository clone: Branch 'master', URL: https://github.com/Slacky300/AIDS_PRAC.git\nCloning into '/home/app/repo'...\n","timestamp":"2025-01-06T18:24:49.503Z"}
{"level":"info","message":"🔑 Access token detected. Using secure access for cloning.\n🚀 Initiating repository clone: Branch 'master', URL: https://github.com/Slacky300/AIDS_PRAC.git\nCloning into '/home/app/repo'...\n❌ Source directory 'src/clieiiiint' not found in the repository. Please ensure it exists.\n","timestamp":"2025-01-06T18:24:50.132Z"}
{"level":"info","message":"Finished streaming logs for s3-upload-container-15f4c183-3ca8-4111-a082-dcc647bfbae8","timestamp":"2025-01-06T18:24:50.787Z"}
{"level":"info","message":"Job s3-upload-job-fa8eab73-7f6e-468b-b4c4-a5182c771284 created successfully","timestamp":"2025-01-06T20:45:18.955Z"}
{"level":"info","message":"Logs from pod s3-upload-job-fa8eab73-7f6e-468b-b4c4-a5182c771284-tk82x:\n🔑 Access token detected. Using secure access for cloning.\n🚀 Initiating repository clone: Branch 'submission', URL: https://github.com/Slacky300/DASH.git\nCloning into '/home/app/repo'...\n📂 Preparing source directory: client\n🛠️ Compiling TypeScript files...\n⚙️ Running the main script (script.js)...\n🚀 Starting deployment process...\n🔄 Running build process. Please wait...\n","timestamp":"2025-01-06T20:45:24.796Z"}
{"code":"ECONNRESET","host":"cargodeployk8-dns-pbeuuq1e.hcp.eastus.azmk8s.io","level":"error","message":"Error streaming logs for container s3-upload-container-fa8eab73-7f6e-468b-b4c4-a5182c771284: Client network socket disconnected before secure TLS connection was established","path":null,"port":"443","stack":"Error: Client network socket disconnected before secure TLS connection was established\n    at connResetException (node:internal/errors:787:14)\n    at TLSSocket.onConnectEnd (node:_tls_wrap:1727:19)\n    at TLSSocket.emit (node:events:530:35)\n    at endReadableNT (node:internal/streams/readable:1696:12)\n    at process.processTicksAndRejections (node:internal/process/task_queues:82:21)","timestamp":"2025-01-06T20:45:40.221Z"}
{"level":"info","message":"Job s3-upload-job-60913bad-781b-40a3-9306-92a85d57f082 created successfully","timestamp":"2025-01-06T20:49:13.881Z"}
{"level":"info","message":"Logs from pod s3-upload-job-60913bad-781b-40a3-9306-92a85d57f082-cdblj:\n🔑 Access token detected. Using secure access for cloning.\n🚀 Initiating repository clone: Branch 'submission', URL: https://github.com/Slacky300/DASH.git\nCloning into '/home/app/repo'...\n📂 Preparing source directory: client\n🛠️ Compiling TypeScript files...\n⚙️ Running the main script (script.js)...\n🚀 Starting deployment process...\n🔄 Running build process. Please wait...\nℹ️ Build log: \nadded 275 packages, and audited 276 packages in 6s\n\nℹ️ Build log: \n\nℹ️ Build log: 97 packages are looking for funding\n\nℹ️ Build log:   run `npm fund` for details\n\nℹ️ Build log: \n4 vulnerabilities (1 moderate, 3 high)\n\nTo address all issues, run:\n  npm audit fix\n\nRun `npm audit` for details.\n\nℹ️ Build log: \n> client@0.0.0 build\n> vite build\n\n\nℹ️ Build log: vite v5.0.10 building for production...\n\nℹ️ Build log: transforming...\n\nℹ️ Build log: ✓ 64 modules transformed.\n\nℹ️ Build log: rendering chunks...\n\nℹ️ Build log: computing gzip size...\n\nℹ️ Build log: dist/index.html                     1.01 kB │ gzip:  0.55 kB\n\nℹ️ Build log: dist/assets/necleo-FFJna3bh.svg     6.10 kB │ gzip:  2.35 kB\ndist/assets/profile-okOqvZpo.png  399.88 kB\ndist/assets/index-GiwVDA_P.css     11.75 kB │ gzip:  2.40 kB\ndist/assets/index-F0JL0ZNz.js     222.60 kB │ gzip: 70.98 kB\n\nℹ️ Build log: ✓ built in 2.37s\n\n✅ Build process completed successfully.\n📂 Found build folder: /home/app/output/dist\n🔄 Uploading files to the cloud. This may take a moment...\n📂 Processing directory: assets\n📄 Uploading file: index-F0JL0ZNz.js\n","timestamp":"2025-01-06T20:49:27.941Z"}
{"level":"info","message":"📄 Uploading file: profile-okOqvZpo.png\n✅ Successfully uploaded: profile-okOqvZpo.png\n📄 Uploading file: index.html\n✅ Successfully uploaded: index.html\n📄 Uploading file: necleo.svg\n✅ Successfully uploaded: necleo.svg\n📄 Uploading file: vite.svg\n✅ Successfully uploaded: vite.svg\n✅ All files successfully uploaded to the cloud.\n🎉 Deployment process completed!\n","timestamp":"2025-01-06T20:49:43.189Z"}
{"level":"info","message":"Finished streaming logs for s3-upload-container-60913bad-781b-40a3-9306-92a85d57f082","timestamp":"2025-01-06T20:49:44.241Z"}
{"level":"info","message":"Job s3-upload-job-25ae024c-0550-4db3-ad78-b7a455ad6bea created successfully","timestamp":"2025-01-06T20:57:25.390Z"}
{"code":"ECONNRESET","errno":-4077,"level":"error","message":"Error fetching pod logs: read ECONNRESET","stack":"Error: read ECONNRESET\n    at TLSWrap.onStreamRead (node:internal/stream_base_commons:217:20)","syscall":"read","timestamp":"2025-01-06T20:57:41.852Z"}
{"code":"ECONNRESET","errno":-4077,"level":"error","message":"Error creating Job: read ECONNRESET","stack":"Error: read ECONNRESET\n    at TLSWrap.onStreamRead (node:internal/stream_base_commons:217:20)","syscall":"read","timestamp":"2025-01-06T20:57:42.120Z"}
{"level":"info","message":"Job s3-upload-job-c6874131-c9f2-44d2-a7a9-2828ec4f018e created successfully","timestamp":"2025-01-06T21:01:55.651Z"}
{"level":"info","message":"Logs from pod s3-upload-job-c6874131-c9f2-44d2-a7a9-2828ec4f018e-b6rgn:\n🔑 Access token detected. Using secure access for cloning.\n🚀 Initiating repository clone: Branch 'master', URL: https://github.com/Slacky300/ECOMM_PWA.git\nCloning into '/home/app/repo'...\n📂 Preparing source directory: .\n🛠️ Compiling TypeScript files...\n⚙️ Running the main script (script.js)...\n🚀 Starting deployment process...\n🔄 Running build process. Please wait...\n","timestamp":"2025-01-06T21:02:01.015Z"}
{"code":"ECONNRESET","errno":-4077,"level":"error","message":"Error streaming logs for container s3-upload-container-c6874131-c9f2-44d2-a7a9-2828ec4f018e: read ECONNRESET","stack":"Error: read ECONNRESET\n    at TLSWrap.onStreamRead (node:internal/stream_base_commons:217:20)","syscall":"read","timestamp":"2025-01-06T21:02:16.416Z"}
{"level":"info","message":"Job s3-upload-job-ee079685-2dfc-4953-9952-11ced16806dd created successfully","timestamp":"2025-01-06T21:08:08.532Z"}
{"level":"info","message":"Logs from pod s3-upload-job-ee079685-2dfc-4953-9952-11ced16806dd-dhrx5:\n🔑 Access token detected. Using secure access for cloning.\n🚀 Initiating repository clone: Branch 'master', URL: https://github.com/Slacky300/ECOMM_PWA.git\nCloning into '/home/app/repo'...\n📂 Preparing source directory: .\n🛠️ Compiling TypeScript files...\n","timestamp":"2025-01-06T21:08:10.457Z"}
{"level":"info","message":"🔑 Access token detected. Using secure access for cloning.\n🚀 Initiating repository clone: Branch 'master', URL: https://github.com/Slacky300/ECOMM_PWA.git\nCloning into '/home/app/repo'...\n📂 Preparing source directory: .\n🛠️ Compiling TypeScript files...\n","timestamp":"2025-01-06T21:08:11.088Z"}
{"level":"info","message":"⚙️ Running the main script (script.js)...\n","timestamp":"2025-01-06T21:08:12.816Z"}
{"level":"info","message":"🚀 Starting deployment process...\n","timestamp":"2025-01-06T21:08:13.015Z"}
{"level":"info","message":"🔄 Running build process. Please wait...\n","timestamp":"2025-01-06T21:08:13.018Z"}
{"level":"info","message":"ℹ️ Build log: \nadded 282 packages, and audited 283 packages in 6s\n\n","timestamp":"2025-01-06T21:08:19.153Z"}
{"level":"info","message":"ℹ️ Build log: \n\n","timestamp":"2025-01-06T21:08:19.156Z"}
{"level":"info","message":"ℹ️ Build log: 103 packages are looking for funding\n\n","timestamp":"2025-01-06T21:08:19.158Z"}
{"level":"info","message":"ℹ️ Build log:   run `npm fund` for details\n\n","timestamp":"2025-01-06T21:08:19.161Z"}
{"level":"info","message":"ℹ️ Build log: \n4 vulnerabilities (2 moderate, 2 high)\n\nTo address all issues, run:\n  npm audit fix\n\nRun `npm audit` for details.\n\n","timestamp":"2025-01-06T21:08:19.183Z"}
{"level":"info","message":"ℹ️ Build log: \n","timestamp":"2025-01-06T21:08:19.390Z"}
{"level":"info","message":"> exp10@0.0.0 build\n","timestamp":"2025-01-06T21:08:19.392Z"}
{"level":"info","message":"> vite build\n\n\n","timestamp":"2025-01-06T21:08:19.394Z"}
{"level":"info","message":"ℹ️ Build log: vite v5.2.8 building for production...\n\n","timestamp":"2025-01-06T21:08:19.632Z"}
{"level":"info","message":"ℹ️ Build log: transforming...\n\n","timestamp":"2025-01-06T21:08:19.692Z"}
{"level":"info","message":"ℹ️ Build log: ✓ 36 modules transformed.\n\n","timestamp":"2025-01-06T21:08:21.423Z"}
{"level":"info","message":"ℹ️ Build log: rendering chunks...\n\n","timestamp":"2025-01-06T21:08:21.832Z"}
{"level":"info","message":"ℹ️ Build log: computing gzip size...\n\n","timestamp":"2025-01-06T21:08:21.834Z"}
{"level":"info","message":"ℹ️ Build log: dist/index.html                  0.92 kB │ gzip:  0.54 kB\n\n","timestamp":"2025-01-06T21:08:21.836Z"}
{"level":"info","message":"ℹ️ Build log: dist/assets/index-JL0hr3g2.js  168.05 kB │ gzip: 54.63 kB\n\n","timestamp":"2025-01-06T21:08:21.837Z"}
{"level":"info","message":"ℹ️ Build log: ✓ built in 1.91s\n\n","timestamp":"2025-01-06T21:08:21.839Z"}
{"level":"info","message":"✅ Build process completed successfully.\n","timestamp":"2025-01-06T21:08:21.840Z"}
{"level":"info","message":"📂 Found build folder: /home/app/output/dist\n🔄 Uploading files to the cloud. This may take a moment...\n","timestamp":"2025-01-06T21:08:21.841Z"}
{"level":"info","message":"📂 Processing directory: assets\n","timestamp":"2025-01-06T21:08:21.842Z"}
{"level":"info","message":"📄 Uploading file: index-JL0hr3g2.js\n","timestamp":"2025-01-06T21:08:21.844Z"}
{"level":"info","message":"✅ Successfully uploaded: index-JL0hr3g2.js\n","timestamp":"2025-01-06T21:08:23.600Z"}
{"level":"info","message":"📄 Uploading file: index.html\n","timestamp":"2025-01-06T21:08:23.601Z"}
{"level":"info","message":"✅ Successfully uploaded: index.html\n📄 Uploading file: service-worker.js\n","timestamp":"2025-01-06T21:08:23.854Z"}
{"level":"info","message":"✅ Successfully uploaded: service-worker.js\n📄 Uploading file: vite.svg\n","timestamp":"2025-01-06T21:08:24.389Z"}
{"level":"info","message":"✅ Successfully uploaded: vite.svg\n✅ All files successfully uploaded to the cloud.\n🎉 Deployment process completed!\n","timestamp":"2025-01-06T21:08:24.694Z"}
{"level":"info","message":"Finished streaming logs for container s3-upload-container-ee079685-2dfc-4953-9952-11ced16806dd","timestamp":"2025-01-06T21:08:26.340Z"}
{"level":"info","message":"Job s3-upload-job-36ec9002-792d-47d6-b84f-623211b2bbec created successfully","timestamp":"2025-01-06T21:10:08.128Z"}
{"level":"info","message":"Logs from pod s3-upload-job-36ec9002-792d-47d6-b84f-623211b2bbec-l6qkk:\n🔑 Access token detected. Using secure access for cloning.\n🚀 Initiating repository clone: Branch 'master', URL: https://github.com/MeetDOD/carwale.git\nCloning into '/home/app/repo'...\n📂 Preparing source directory: client\n🛠️ Compiling TypeScript files...\n","timestamp":"2025-01-06T21:10:13.500Z"}
{"code":"ECONNRESET","host":"cargodeployk8-dns-pbeuuq1e.hcp.eastus.azmk8s.io","level":"error","message":"Error streaming logs for container s3-upload-container-36ec9002-792d-47d6-b84f-623211b2bbec: Client network socket disconnected before secure TLS connection was established","path":null,"port":"443","stack":"Error: Client network socket disconnected before secure TLS connection was established\n    at connResetException (node:internal/errors:787:14)\n    at TLSSocket.onConnectEnd (node:_tls_wrap:1727:19)\n    at TLSSocket.emit (node:events:530:35)\n    at endReadableNT (node:internal/streams/readable:1696:12)\n    at process.processTicksAndRejections (node:internal/process/task_queues:82:21)","timestamp":"2025-01-06T21:10:29.047Z"}
{"level":"info","message":"Job s3-upload-job-35da049a-6717-4d20-b6eb-ca6282772964 created successfully","timestamp":"2025-01-28T14:26:06.388Z"}
{"level":"info","message":"No pods found for the job s3-upload-job-35da049a-6717-4d20-b6eb-ca6282772964. Retrying (1/5)...","timestamp":"2025-01-28T14:26:06.514Z"}
{"level":"info","message":"Waiting for pod s3-upload-job-35da049a-6717-4d20-b6eb-ca6282772964-kqbhl to be ready...","timestamp":"2025-01-28T14:26:11.622Z"}
{"level":"info","message":"Waiting for pod s3-upload-job-35da049a-6717-4d20-b6eb-ca6282772964-kqbhl to be ready...","timestamp":"2025-01-28T14:26:16.666Z"}
{"level":"info","message":"Waiting for pod s3-upload-job-35da049a-6717-4d20-b6eb-ca6282772964-kqbhl to be ready...","timestamp":"2025-01-28T14:26:21.916Z"}
{"level":"info","message":"Waiting for pod s3-upload-job-35da049a-6717-4d20-b6eb-ca6282772964-kqbhl to be ready...","timestamp":"2025-01-28T14:26:27.012Z"}
{"level":"info","message":"Waiting for pod s3-upload-job-35da049a-6717-4d20-b6eb-ca6282772964-kqbhl to be ready...","timestamp":"2025-01-28T14:26:32.091Z"}
{"level":"info","message":"Waiting for pod s3-upload-job-35da049a-6717-4d20-b6eb-ca6282772964-kqbhl to be ready...","timestamp":"2025-01-28T14:26:37.268Z"}
{"level":"info","message":"Waiting for pod s3-upload-job-35da049a-6717-4d20-b6eb-ca6282772964-kqbhl to be ready...","timestamp":"2025-01-28T14:26:42.368Z"}
{"level":"info","message":"Waiting for pod s3-upload-job-35da049a-6717-4d20-b6eb-ca6282772964-kqbhl to be ready...","timestamp":"2025-01-28T14:26:47.459Z"}
{"level":"info","message":"Waiting for pod s3-upload-job-35da049a-6717-4d20-b6eb-ca6282772964-kqbhl to be ready...","timestamp":"2025-01-28T14:26:52.516Z"}
{"level":"info","message":"Waiting for pod s3-upload-job-35da049a-6717-4d20-b6eb-ca6282772964-kqbhl to be ready...","timestamp":"2025-01-28T14:26:57.608Z"}
{"level":"info","message":"Waiting for pod s3-upload-job-35da049a-6717-4d20-b6eb-ca6282772964-kqbhl to be ready...","timestamp":"2025-01-28T14:27:02.741Z"}
{"level":"info","message":"Waiting for pod s3-upload-job-35da049a-6717-4d20-b6eb-ca6282772964-kqbhl to be ready...","timestamp":"2025-01-28T14:27:07.853Z"}
{"level":"info","message":"Waiting for pod s3-upload-job-35da049a-6717-4d20-b6eb-ca6282772964-kqbhl to be ready...","timestamp":"2025-01-28T14:27:12.937Z"}
{"level":"info","message":"Waiting for pod s3-upload-job-35da049a-6717-4d20-b6eb-ca6282772964-kqbhl to be ready...","timestamp":"2025-01-28T14:27:18.024Z"}
{"level":"info","message":"Waiting for pod s3-upload-job-35da049a-6717-4d20-b6eb-ca6282772964-kqbhl to be ready...","timestamp":"2025-01-28T14:27:23.138Z"}
{"level":"info","message":"Waiting for pod s3-upload-job-35da049a-6717-4d20-b6eb-ca6282772964-kqbhl to be ready...","timestamp":"2025-01-28T14:27:28.239Z"}
{"level":"info","message":"Waiting for pod s3-upload-job-35da049a-6717-4d20-b6eb-ca6282772964-kqbhl to be ready...","timestamp":"2025-01-28T14:27:33.320Z"}
{"level":"info","message":"Waiting for pod s3-upload-job-35da049a-6717-4d20-b6eb-ca6282772964-kqbhl to be ready...","timestamp":"2025-01-28T14:27:38.392Z"}
{"level":"info","message":"Waiting for pod s3-upload-job-35da049a-6717-4d20-b6eb-ca6282772964-kqbhl to be ready...","timestamp":"2025-01-28T14:27:43.472Z"}
{"level":"info","message":"Waiting for pod s3-upload-job-35da049a-6717-4d20-b6eb-ca6282772964-kqbhl to be ready...","timestamp":"2025-01-28T14:27:48.514Z"}
{"level":"info","message":"Waiting for pod s3-upload-job-35da049a-6717-4d20-b6eb-ca6282772964-kqbhl to be ready...","timestamp":"2025-01-28T14:27:53.557Z"}
{"level":"info","message":"Waiting for pod s3-upload-job-35da049a-6717-4d20-b6eb-ca6282772964-kqbhl to be ready...","timestamp":"2025-01-28T14:27:58.621Z"}
{"level":"info","message":"Job s3-upload-job-36270fff-323c-45f6-a87e-e84559b87e79 created successfully","timestamp":"2025-01-28T14:36:07.091Z"}
{"level":"info","message":"Waiting for pod s3-upload-job-36270fff-323c-45f6-a87e-e84559b87e79-frckd to be ready...","timestamp":"2025-01-28T14:36:07.315Z"}
{"level":"error","message":"Pod s3-upload-job-36270fff-323c-45f6-a87e-e84559b87e79-frckd failed.","timestamp":"2025-01-28T14:36:12.456Z"}
{"level":"error","message":"Error fetching pod logs: Cannot read properties of undefined (reading 'split')","stack":"TypeError: Cannot read properties of undefined (reading 'split')\n    at waitForPodReady (file:///R:/major-project/k8-comm/dist/utils/k8job.js:125:67)\n    at process.processTicksAndRejections (node:internal/process/task_queues:95:5)\n    at async getPodLogs (file:///R:/major-project/k8-comm/dist/utils/k8job.js:141:9)\n    at async createJob (file:///R:/major-project/k8-comm/dist/utils/k8job.js:223:9)\n    at async file:///R:/major-project/k8-comm/dist/controllers/job.controller.js:8:5","timestamp":"2025-01-28T14:36:12.477Z"}
{"level":"error","message":"Error creating Job: Cannot read properties of undefined (reading 'split')","stack":"TypeError: Cannot read properties of undefined (reading 'split')\n    at waitForPodReady (file:///R:/major-project/k8-comm/dist/utils/k8job.js:125:67)\n    at process.processTicksAndRejections (node:internal/process/task_queues:95:5)\n    at async getPodLogs (file:///R:/major-project/k8-comm/dist/utils/k8job.js:141:9)\n    at async createJob (file:///R:/major-project/k8-comm/dist/utils/k8job.js:223:9)\n    at async file:///R:/major-project/k8-comm/dist/controllers/job.controller.js:8:5","timestamp":"2025-01-28T14:36:12.715Z"}
{"level":"info","message":"Job s3-upload-job-d15aa120-d13c-4688-8bff-81ba698a2a9c created successfully","timestamp":"2025-01-28T14:45:55.106Z"}
{"level":"info","message":"Waiting for pod s3-upload-job-d15aa120-d13c-4688-8bff-81ba698a2a9c-wc2sd to be ready...","timestamp":"2025-01-28T14:45:55.510Z"}
{"level":"info","message":"Waiting for pod s3-upload-job-d15aa120-d13c-4688-8bff-81ba698a2a9c-wc2sd to be ready...","timestamp":"2025-01-28T14:46:00.566Z"}
{"level":"error","message":"Pod s3-upload-job-d15aa120-d13c-4688-8bff-81ba698a2a9c-wc2sd failed.","timestamp":"2025-01-28T14:46:05.621Z"}
{"level":"error","message":"Error fetching pod logs: Pod s3-upload-job-d15aa120-d13c-4688-8bff-81ba698a2a9c-wc2sd failed.","stack":"Error: Pod s3-upload-job-d15aa120-d13c-4688-8bff-81ba698a2a9c-wc2sd failed.\n    at waitForPodReady (file:///R:/major-project/k8-comm/dist/utils/k8job.js:126:19)\n    at process.processTicksAndRejections (node:internal/process/task_queues:95:5)\n    at async getPodLogs (file:///R:/major-project/k8-comm/dist/utils/k8job.js:141:9)\n    at async createJob (file:///R:/major-project/k8-comm/dist/utils/k8job.js:223:9)\n    at async file:///R:/major-project/k8-comm/dist/controllers/job.controller.js:8:5","timestamp":"2025-01-28T14:46:05.849Z"}
{"level":"error","message":"Error creating Job: Pod s3-upload-job-d15aa120-d13c-4688-8bff-81ba698a2a9c-wc2sd failed.","stack":"Error: Pod s3-upload-job-d15aa120-d13c-4688-8bff-81ba698a2a9c-wc2sd failed.\n    at waitForPodReady (file:///R:/major-project/k8-comm/dist/utils/k8job.js:126:19)\n    at process.processTicksAndRejections (node:internal/process/task_queues:95:5)\n    at async getPodLogs (file:///R:/major-project/k8-comm/dist/utils/k8job.js:141:9)\n    at async createJob (file:///R:/major-project/k8-comm/dist/utils/k8job.js:223:9)\n    at async file:///R:/major-project/k8-comm/dist/controllers/job.controller.js:8:5","timestamp":"2025-01-28T14:46:05.984Z"}
{"address":"127.0.0.1","code":"ECONNREFUSED","errno":-4078,"level":"error","message":"Error creating Job: connect ECONNREFUSED 127.0.0.1:59952","port":59952,"stack":"Error: connect ECONNREFUSED 127.0.0.1:59952\n    at TCPConnectWrap.afterConnect [as oncomplete] (node:net:1595:16)","syscall":"connect","timestamp":"2025-01-30T06:10:17.385Z"}
{"cause":{"code":"UND_ERR_CONNECT_TIMEOUT","message":"Connect Timeout Error","name":"ConnectTimeoutError"},"level":"error","message":"Error triggering webhook: fetch failed","stack":"TypeError: fetch failed\n    at node:internal/deps/undici/undici:12345:11\n    at process.processTicksAndRejections (node:internal/process/task_queues:95:5)\n    at async triggerWebHookForSendingMails (file:///R:/major-project/k8-comm/dist/utils/k8job.js:20:21)\n    at async updateDeploymentStatus (file:///R:/major-project/k8-comm/dist/utils/k8job.js:295:13)\n    at async createJob (file:///R:/major-project/k8-comm/dist/utils/k8job.js:365:9)\n    at async file:///R:/major-project/k8-comm/dist/controllers/job.controller.js:7:5","timestamp":"2025-01-30T06:10:31.067Z"}
{"level":"info","message":"Job s3-upload-job-fdb15756-b704-42cf-b6eb-de0461eb04a0 created successfully","timestamp":"2025-01-30T06:23:19.935Z"}
{"level":"info","message":"No pods found for the job s3-upload-job-fdb15756-b704-42cf-b6eb-de0461eb04a0. Retrying (1/5)...","timestamp":"2025-01-30T06:23:20.005Z"}
{"level":"info","message":"Waiting for pod s3-upload-job-fdb15756-b704-42cf-b6eb-de0461eb04a0-k6mz5 to be ready...","timestamp":"2025-01-30T06:23:25.065Z"}
{"level":"error","message":"Pod s3-upload-job-fdb15756-b704-42cf-b6eb-de0461eb04a0-k6mz5 failed.","timestamp":"2025-01-30T06:23:30.120Z"}
{"level":"error","message":"Error fetching pod logs: Cannot read properties of undefined (reading 'split')","stack":"TypeError: Cannot read properties of undefined (reading 'split')\n    at waitForPodReady (file:///R:/major-project/k8-comm/dist/utils/k8job.js:249:67)\n    at process.processTicksAndRejections (node:internal/process/task_queues:95:5)\n    at async getPodLogs (file:///R:/major-project/k8-comm/dist/utils/k8job.js:265:9)\n    at async createJob (file:///R:/major-project/k8-comm/dist/utils/k8job.js:354:9)","timestamp":"2025-01-30T06:23:30.140Z"}
{"level":"error","message":"Error creating Job: Cannot read properties of undefined (reading 'split')","stack":"TypeError: Cannot read properties of undefined (reading 'split')\n    at waitForPodReady (file:///R:/major-project/k8-comm/dist/utils/k8job.js:249:67)\n    at process.processTicksAndRejections (node:internal/process/task_queues:95:5)\n    at async getPodLogs (file:///R:/major-project/k8-comm/dist/utils/k8job.js:265:9)\n    at async createJob (file:///R:/major-project/k8-comm/dist/utils/k8job.js:354:9)","timestamp":"2025-01-30T06:23:30.445Z"}
{"level":"info","message":"Job s3-upload-job-b9ce9c9e-166d-41aa-8550-a39fac60bcec created successfully","timestamp":"2025-01-30T06:28:02.515Z"}
{"level":"info","message":"Waiting for pod s3-upload-job-b9ce9c9e-166d-41aa-8550-a39fac60bcec-5sqvg to be ready...","timestamp":"2025-01-30T06:28:02.707Z"}
{"level":"error","message":"Pod s3-upload-job-b9ce9c9e-166d-41aa-8550-a39fac60bcec-5sqvg failed.","timestamp":"2025-01-30T06:28:07.748Z"}
{"level":"error","message":"Error fetching pod logs: Pod s3-upload-job-b9ce9c9e-166d-41aa-8550-a39fac60bcec-5sqvg failed.","stack":"Error: Pod s3-upload-job-b9ce9c9e-166d-41aa-8550-a39fac60bcec-5sqvg failed.\n    at waitForPodReady (file:///R:/major-project/k8-comm/dist/utils/k8job.js:250:19)\n    at process.processTicksAndRejections (node:internal/process/task_queues:95:5)\n    at async getPodLogs (file:///R:/major-project/k8-comm/dist/utils/k8job.js:265:9)\n    at async createJob (file:///R:/major-project/k8-comm/dist/utils/k8job.js:354:9)","timestamp":"2025-01-30T06:28:07.981Z"}
{"level":"error","message":"Error creating Job: Pod s3-upload-job-b9ce9c9e-166d-41aa-8550-a39fac60bcec-5sqvg failed.","stack":"Error: Pod s3-upload-job-b9ce9c9e-166d-41aa-8550-a39fac60bcec-5sqvg failed.\n    at waitForPodReady (file:///R:/major-project/k8-comm/dist/utils/k8job.js:250:19)\n    at process.processTicksAndRejections (node:internal/process/task_queues:95:5)\n    at async getPodLogs (file:///R:/major-project/k8-comm/dist/utils/k8job.js:265:9)\n    at async createJob (file:///R:/major-project/k8-comm/dist/utils/k8job.js:354:9)","timestamp":"2025-01-30T06:28:08.102Z"}
{"level":"info","message":"Job s3-upload-job-555efce8-72b8-4430-aed7-9e6ffd5768d4 created successfully","timestamp":"2025-01-30T06:30:25.648Z"}
{"level":"info","message":"Waiting for pod s3-upload-job-555efce8-72b8-4430-aed7-9e6ffd5768d4-fbfm2 to be ready...","timestamp":"2025-01-30T06:30:25.940Z"}
{"level":"error","message":"Pod s3-upload-job-555efce8-72b8-4430-aed7-9e6ffd5768d4-fbfm2 failed.","timestamp":"2025-01-30T06:30:30.997Z"}
{"level":"error","message":"Error fetching pod logs: Pod s3-upload-job-555efce8-72b8-4430-aed7-9e6ffd5768d4-fbfm2 failed.","stack":"Error: Pod s3-upload-job-555efce8-72b8-4430-aed7-9e6ffd5768d4-fbfm2 failed.\n    at waitForPodReady (file:///R:/major-project/k8-comm/dist/utils/k8job.js:250:19)\n    at process.processTicksAndRejections (node:internal/process/task_queues:95:5)\n    at async getPodLogs (file:///R:/major-project/k8-comm/dist/utils/k8job.js:265:9)\n    at async createJob (file:///R:/major-project/k8-comm/dist/utils/k8job.js:354:9)","timestamp":"2025-01-30T06:30:31.293Z"}
{"level":"error","message":"Error creating Job: Pod s3-upload-job-555efce8-72b8-4430-aed7-9e6ffd5768d4-fbfm2 failed.","stack":"Error: Pod s3-upload-job-555efce8-72b8-4430-aed7-9e6ffd5768d4-fbfm2 failed.\n    at waitForPodReady (file:///R:/major-project/k8-comm/dist/utils/k8job.js:250:19)\n    at process.processTicksAndRejections (node:internal/process/task_queues:95:5)\n    at async getPodLogs (file:///R:/major-project/k8-comm/dist/utils/k8job.js:265:9)\n    at async createJob (file:///R:/major-project/k8-comm/dist/utils/k8job.js:354:9)","timestamp":"2025-01-30T06:30:31.513Z"}
{"level":"info","message":"Job s3-upload-job-eba6de28-8c24-4246-af04-f9a383a6f03c created successfully","timestamp":"2025-01-30T06:34:32.107Z"}
{"level":"info","message":"Waiting for pod s3-upload-job-eba6de28-8c24-4246-af04-f9a383a6f03c-2xpsm to be ready...","timestamp":"2025-01-30T06:34:32.420Z"}
{"level":"info","message":"Waiting for pod s3-upload-job-eba6de28-8c24-4246-af04-f9a383a6f03c-2xpsm to be ready...","timestamp":"2025-01-30T06:34:37.463Z"}
{"level":"error","message":"Pod s3-upload-job-eba6de28-8c24-4246-af04-f9a383a6f03c-2xpsm failed.","timestamp":"2025-01-30T06:34:42.511Z"}
{"level":"error","message":"Error fetching pod logs: Pod s3-upload-job-eba6de28-8c24-4246-af04-f9a383a6f03c-2xpsm failed.","stack":"Error: Pod s3-upload-job-eba6de28-8c24-4246-af04-f9a383a6f03c-2xpsm failed.\n    at waitForPodReady (file:///R:/major-project/k8-comm/dist/utils/k8job.js:250:19)\n    at process.processTicksAndRejections (node:internal/process/task_queues:95:5)\n    at async getPodLogs (file:///R:/major-project/k8-comm/dist/utils/k8job.js:265:9)\n    at async createJob (file:///R:/major-project/k8-comm/dist/utils/k8job.js:354:9)","timestamp":"2025-01-30T06:34:42.776Z"}
{"level":"error","message":"Error creating Job: Pod s3-upload-job-eba6de28-8c24-4246-af04-f9a383a6f03c-2xpsm failed.","stack":"Error: Pod s3-upload-job-eba6de28-8c24-4246-af04-f9a383a6f03c-2xpsm failed.\n    at waitForPodReady (file:///R:/major-project/k8-comm/dist/utils/k8job.js:250:19)\n    at process.processTicksAndRejections (node:internal/process/task_queues:95:5)\n    at async getPodLogs (file:///R:/major-project/k8-comm/dist/utils/k8job.js:265:9)\n    at async createJob (file:///R:/major-project/k8-comm/dist/utils/k8job.js:354:9)","timestamp":"2025-01-30T06:34:42.936Z"}
{"level":"info","message":"Job s3-upload-job-aef87463-3047-4d9e-9229-f8e16861ac0f created successfully","timestamp":"2025-01-30T06:48:02.884Z"}
{"level":"info","message":"No pods found for the job s3-upload-job-aef87463-3047-4d9e-9229-f8e16861ac0f. Retrying (1/5)...","timestamp":"2025-01-30T06:48:02.968Z"}
{"level":"info","message":"Logs from pod s3-upload-job-aef87463-3047-4d9e-9229-f8e16861ac0f-t7qkd:\n🔓 No access token provided. Proceeding with public repository access.\n🚀 Initiating repository clone: Branch 'main', URL: https://github.com/MeetDOD/Vcet_Hackathon_2024.git\nCloning into '/home/app/repo'...\n","timestamp":"2025-01-30T06:48:08.506Z"}
{"level":"info","message":"🔓 No access token provided. Proceeding with public repository access.\n🚀 Initiating repository clone: Branch 'main', URL: https://github.com/MeetDOD/Vcet_Hackathon_2024.git\n","timestamp":"2025-01-30T06:48:08.557Z"}
{"level":"info","message":"Cloning into '/home/app/repo'...\n","timestamp":"2025-01-30T06:48:08.561Z"}
{"level":"info","message":"📂 Preparing source directory: frontend\n","timestamp":"2025-01-30T06:48:28.747Z"}
{"level":"info","message":"🛠️ Compiling TypeScript files...\n","timestamp":"2025-01-30T06:48:28.877Z"}
{"level":"info","message":"npm notice\n","timestamp":"2025-01-30T06:48:39.849Z"}
{"level":"info","message":"npm notice New major version of npm available! 10.8.2 -> 11.1.0\nnpm notice Changelog: https://github.com/npm/cli/releases/tag/v11.1.0\nnpm notice To update run: npm install -g npm@11.1.0\n","timestamp":"2025-01-30T06:48:39.853Z"}
{"level":"info","message":"npm notice\n","timestamp":"2025-01-30T06:48:39.855Z"}
{"level":"info","message":"⚙️ Running the main script (script.js)...\n","timestamp":"2025-01-30T06:48:39.870Z"}
{"level":"info","message":"🚀 Starting deployment process...\n","timestamp":"2025-01-30T06:48:40.520Z"}
{"level":"info","message":"🔄 Running build process. Please wait...\n","timestamp":"2025-01-30T06:48:40.524Z"}
{"level":"info","message":"⚠️ Build error: npm warn EBADENGINE Unsupported engine {\nnpm warn EBADENGINE   package: 'react-lottie@1.2.4',\n","timestamp":"2025-01-30T06:48:43.735Z"}
{"level":"info","message":"npm warn EBADENGINE   required: { npm: '^3.0.0' },\nnpm warn EBADENGINE   current: { node: 'v20.18.0', npm: '10.8.2' }\nnpm warn EBADENGINE }\n\n","timestamp":"2025-01-30T06:48:43.738Z"}
{"level":"info","message":"⚠️ Build error: npm warn deprecated rimraf@3.0.2: Rimraf versions prior to v4 are no longer supported\n\n","timestamp":"2025-01-30T06:49:07.105Z"}
{"level":"info","message":"⚠️ Build error: npm warn deprecated inflight@1.0.6: This module is not supported, and leaks memory. Do not use it. Check out lru-cache if you want a good and tested way to coalesce async requests by a key value, which is much more comprehensive and powerful.\n\n","timestamp":"2025-01-30T06:49:10.171Z"}
{"level":"info","message":"⚠️ Build error: npm warn deprecated glob@7.2.3: Glob versions prior to v9 are no longer supported\n\n","timestamp":"2025-01-30T06:49:11.503Z"}
{"level":"info","message":"⚠️ Build error: npm warn deprecated @humanwhocodes/object-schema@2.0.3: Use @eslint/object-schema instead\n\n","timestamp":"2025-01-30T06:49:17.345Z"}
{"level":"info","message":"⚠️ Build error: npm warn deprecated @humanwhocodes/config-array@0.11.14: Use @eslint/config-array instead\n\n","timestamp":"2025-01-30T06:49:17.498Z"}
{"level":"info","message":"⚠️ Build error: npm warn deprecated core-js@2.6.12: core-js@<3.23.3 is no longer maintained and not recommended for usage due to the number of issues. Because of the V8 engine whims, feature detection in old core-js versions could cause a slowdown up to 100x even if nothing is polyfilled. Some versions have web compatibility issues. Please, upgrade your dependencies to the actual version of core-js.\n\n","timestamp":"2025-01-30T06:49:37.336Z"}
{"level":"info","message":"ℹ️ Build log: \nadded 482 packages, and audited 483 packages in 1m\n\n","timestamp":"2025-01-30T06:49:46.778Z"}
{"level":"info","message":"ℹ️ Build log: \n134 packages are looking for funding\n","timestamp":"2025-01-30T06:49:46.781Z"}
{"level":"info","message":"  run `npm fund` for details\n","timestamp":"2025-01-30T06:49:46.782Z"}
{"level":"info","message":"\n","timestamp":"2025-01-30T06:49:46.785Z"}
{"level":"info","message":"ℹ️ Build log: \n5 vulnerabilities (3 moderate, 2 high)\n\n","timestamp":"2025-01-30T06:49:46.802Z"}
{"level":"info","message":"To address all issues, run:\n  npm audit fix\n","timestamp":"2025-01-30T06:49:46.805Z"}
{"level":"info","message":"\nRun `npm audit` for details.\n\n","timestamp":"2025-01-30T06:49:46.808Z"}
{"level":"info","message":"ℹ️ Build log: \n","timestamp":"2025-01-30T06:49:47.167Z"}
{"level":"info","message":"> codethecosmos@0.0.0 build\n","timestamp":"2025-01-30T06:49:47.169Z"}
{"level":"info","message":"> vite build\n","timestamp":"2025-01-30T06:49:47.170Z"}
{"level":"info","message":"\n","timestamp":"2025-01-30T06:49:47.172Z"}
{"level":"info","message":"\n","timestamp":"2025-01-30T06:49:47.173Z"}
{"level":"info","message":"ℹ️ Build log: vite v5.3.5 building for production...\n\n","timestamp":"2025-01-30T06:49:47.685Z"}
{"level":"info","message":"ℹ️ Build log: transforming...\n\n","timestamp":"2025-01-30T06:49:48.603Z"}
{"level":"info","message":"⚠️ Build error: Browserslist: caniuse-lite is outdated. Please run:\n  npx update-browserslist-db@latest\n","timestamp":"2025-01-30T06:49:48.747Z"}
{"level":"info","message":"  Why you should do it regularly: https://github.com/browserslist/update-db#readme\n\n","timestamp":"2025-01-30T06:49:48.749Z"}
{"level":"info","message":"⚠️ Build error: node_modules/three-stdlib/libs/lottie.js (13062:32): Use of eval in \"node_modules/three-stdlib/libs/lottie.js\" is strongly discouraged as it poses security risks and may cause issues with minification.\n\n","timestamp":"2025-01-30T06:50:25.166Z"}
{"level":"info","message":"⚠️ Build error: node_modules/lottie-web/build/player/lottie.js (17010:32): Use of eval in \"node_modules/lottie-web/build/player/lottie.js\" is strongly discouraged as it poses security risks and may cause issues with minification.\n\n","timestamp":"2025-01-30T06:50:25.932Z"}
{"level":"info","message":"ℹ️ Build log: ✓ 1301 modules transformed.\n\n","timestamp":"2025-01-30T06:50:39.691Z"}
{"level":"info","message":"Job s3-upload-job-18e95070-8895-410e-957d-4c97c53a732f created successfully","timestamp":"2025-01-30T07:11:52.945Z"}
{"level":"info","message":"No pods found for the job s3-upload-job-18e95070-8895-410e-957d-4c97c53a732f. Retrying (1/5)...","timestamp":"2025-01-30T07:11:53.078Z"}
{"level":"info","message":"Waiting for pod s3-upload-job-18e95070-8895-410e-957d-4c97c53a732f-5jztm to be ready...","timestamp":"2025-01-30T07:11:58.151Z"}
{"level":"info","message":"Waiting for pod s3-upload-job-18e95070-8895-410e-957d-4c97c53a732f-5jztm to be ready...","timestamp":"2025-01-30T07:12:03.240Z"}
{"level":"info","message":"Logs from pod s3-upload-job-18e95070-8895-410e-957d-4c97c53a732f-5jztm:\n🔓 No access token provided. Proceeding with public repository access.\n🚀 Initiating repository clone: Branch 'submission', URL: https://github.com/Slacky300/DASH.git\nCloning into '/home/app/repo'...\n📂 Preparing source directory: client\n🛠️ Compiling TypeScript files...\n","timestamp":"2025-01-30T07:12:08.566Z"}
{"level":"info","message":"🔓 No access token provided. Proceeding with public repository access.\n","timestamp":"2025-01-30T07:12:08.624Z"}
{"level":"info","message":"🚀 Initiating repository clone: Branch 'submission', URL: https://github.com/Slacky300/DASH.git\nCloning into '/home/app/repo'...\n📂 Preparing source directory: client\n🛠️ Compiling TypeScript files...\n","timestamp":"2025-01-30T07:12:08.628Z"}
{"level":"info","message":"npm notice\nnpm notice New major version of npm available! 10.8.2 -> 11.1.0\n","timestamp":"2025-01-30T07:12:30.921Z"}
{"level":"info","message":"npm notice Changelog: https://github.com/npm/cli/releases/tag/v11.1.0\nnpm notice To update run: npm install -g npm@11.1.0\nnpm notice\n","timestamp":"2025-01-30T07:12:30.924Z"}
{"level":"info","message":"⚙️ Running the main script (script.js)...\n","timestamp":"2025-01-30T07:12:30.944Z"}
{"level":"info","message":"🚀 Starting deployment process...\n","timestamp":"2025-01-30T07:12:32.102Z"}
{"level":"info","message":"🔄 Running build process. Please wait...\n","timestamp":"2025-01-30T07:12:32.117Z"}
{"level":"info","message":"ℹ️ Build log: \nadded 275 packages, and audited 276 packages in 23s\n\n","timestamp":"2025-01-30T07:12:55.168Z"}
{"level":"info","message":"ℹ️ Build log: \n97 packages are looking for funding\n","timestamp":"2025-01-30T07:12:55.206Z"}
{"level":"info","message":"  run `npm fund` for details\n\n","timestamp":"2025-01-30T07:12:55.211Z"}
{"level":"info","message":"ℹ️ Build log: \n4 vulnerabilities (1 moderate, 3 high)\n","timestamp":"2025-01-30T07:12:55.219Z"}
{"level":"info","message":"\nTo address all issues, run:\n  npm audit fix\n\nRun `npm audit` for details.\n\n","timestamp":"2025-01-30T07:12:55.222Z"}
{"level":"info","message":"ℹ️ Build log: \n","timestamp":"2025-01-30T07:12:55.652Z"}
{"level":"info","message":"> client@0.0.0 build\n> vite build\n","timestamp":"2025-01-30T07:12:55.656Z"}
{"level":"info","message":"\n\n","timestamp":"2025-01-30T07:12:55.658Z"}
{"level":"info","message":"ℹ️ Build log: vite v5.0.10 building for production...\n\n","timestamp":"2025-01-30T07:12:56.368Z"}
{"level":"info","message":"ℹ️ Build log: transforming...\n\n","timestamp":"2025-01-30T07:12:56.468Z"}
{"level":"info","message":"ℹ️ Build log: ✓ 64 modules transformed.\n\n","timestamp":"2025-01-30T07:12:59.763Z"}
{"level":"info","message":"ℹ️ Build log: rendering chunks...\n\n","timestamp":"2025-01-30T07:13:00.267Z"}
{"level":"info","message":"ℹ️ Build log: computing gzip size...\n\n","timestamp":"2025-01-30T07:13:00.282Z"}
{"level":"info","message":"ℹ️ Build log: dist/index.html                     1.01 kB │ gzip:  0.55 kB\n\n","timestamp":"2025-01-30T07:13:00.313Z"}
{"level":"info","message":"ℹ️ Build log: dist/assets/necleo-FFJna3bh.svg     6.10 kB │ gzip:  2.35 kB\n\n","timestamp":"2025-01-30T07:13:00.317Z"}
{"level":"info","message":"ℹ️ Build log: dist/assets/profile-okOqvZpo.png  399.88 kB\ndist/assets/index-GiwVDA_P.css     11.75 kB │ gzip:  2.40 kB\n","timestamp":"2025-01-30T07:13:00.320Z"}
{"level":"info","message":"dist/assets/index-F0JL0ZNz.js     222.60 kB │ gzip: 70.98 kB\n\nℹ️ Build log: ✓ built in 3.94s\n\n","timestamp":"2025-01-30T07:13:00.323Z"}
{"level":"info","message":"✅ Build process completed successfully.\n📂 Found build folder: /home/app/output/dist\n🔄 Uploading files to the cloud. This may take a moment...\n📂 Processing directory: assets\n📄 Uploading file: index-F0JL0ZNz.js\n","timestamp":"2025-01-30T07:13:00.469Z"}
{"level":"info","message":"✅ Successfully uploaded: index-F0JL0ZNz.js\n📄 Uploading file: index-GiwVDA_P.css\n","timestamp":"2025-01-30T07:13:00.950Z"}
{"level":"info","message":"✅ Successfully uploaded: index-GiwVDA_P.css\n","timestamp":"2025-01-30T07:13:01.070Z"}
{"level":"info","message":"📄 Uploading file: necleo-FFJna3bh.svg\n","timestamp":"2025-01-30T07:13:01.073Z"}
{"level":"info","message":"✅ Successfully uploaded: necleo-FFJna3bh.svg\n📄 Uploading file: profile-okOqvZpo.png\n","timestamp":"2025-01-30T07:13:01.130Z"}
{"level":"info","message":"✅ Successfully uploaded: profile-okOqvZpo.png\n","timestamp":"2025-01-30T07:13:01.306Z"}
{"level":"info","message":"📄 Uploading file: index.html\n","timestamp":"2025-01-30T07:13:01.311Z"}
{"level":"info","message":"✅ Successfully uploaded: index.html\n📄 Uploading file: necleo.svg\n","timestamp":"2025-01-30T07:13:01.375Z"}
{"level":"info","message":"✅ Successfully uploaded: necleo.svg\n📄 Uploading file: vite.svg\n","timestamp":"2025-01-30T07:13:01.423Z"}
{"level":"info","message":"✅ Successfully uploaded: vite.svg\n✅ All files successfully uploaded to the cloud.\n","timestamp":"2025-01-30T07:13:01.490Z"}
{"level":"info","message":"🎉 Deployment process completed!\n","timestamp":"2025-01-30T07:13:01.493Z"}
{"level":"info","message":"Finished streaming logs for s3-upload-container-18e95070-8895-410e-957d-4c97c53a732f","timestamp":"2025-01-30T07:13:02.380Z"}
